Using pre-set license
Built from '2020.3/staging' branch; Version is '2020.3.0f1 (c7b5465681fb) revision 13088070'; Using compiler version '192528614'; Build Type 'Release'
OS: 'Windows 10 Education; OS build 19044.1889; Version 2009; 64bit' Language: 'en' Physical Memory: 8015 MB
BatchMode: 1, IsHumanControllingUs: 0, StartBugReporterOnCrash: 0, Is64bit: 1, IsPro: 0

 COMMAND LINE ARGUMENTS:
C:\Program Files\Unity\Editor\Unity.exe
-adb2
-batchMode
-noUpm
-name
AssetImportWorker0
-projectPath
C:/Users/s582948/Documents/Unity Projects/StackerGame
-logFile
Logs/AssetImportWorker0.log
-srvPort
63200
Successfully changed project path to: C:/Users/s582948/Documents/Unity Projects/StackerGame
C:/Users/s582948/Documents/Unity Projects/StackerGame
Using Asset Import Pipeline V2.
Refreshing native plugins compatible for Editor in 208.29 ms, found 0 plugins.
Preloading 0 native plugins for Editor in 0.00 ms.
Initialize engine version: 2020.3.0f1 (c7b5465681fb)
[Subsystems] Discovering subsystems at path C:/Program Files/Unity/Editor/Data/Resources/UnitySubsystems
[Subsystems] Discovering subsystems at path C:/Users/s582948/Documents/Unity Projects/StackerGame/Assets
GfxDevice: creating device client; threaded=0
Direct3D:
    Version:  Direct3D 11.0 [level 11.1]
    Renderer: Intel(R) UHD Graphics 605 (ID=0x3184)
    Vendor:   
    VRAM:     4007 MB
    Driver:   27.20.100.8729
Initialize mono
Mono path[0] = 'C:/Program Files/Unity/Editor/Data/Managed'
Mono path[1] = 'C:/Program Files/Unity/Editor/Data/MonoBleedingEdge/lib/mono/unityjit'
Mono config path = 'C:/Program Files/Unity/Editor/Data/MonoBleedingEdge/etc'
Using monoOptions --debugger-agent=transport=dt_socket,embedding=1,server=y,suspend=n,address=127.0.0.1:56488
Begin MonoManager ReloadAssembly
Registering precompiled unity dll's ...
Register platform support module: C:/Program Files/Unity/Editor/Data/PlaybackEngines/WindowsStandaloneSupport/UnityEditor.WindowsStandalone.Extensions.dll
Registered in 0.008858 seconds.
Native extension for WindowsStandalone target not found
Refreshing native plugins compatible for Editor in 178.69 ms, found 0 plugins.
Preloading 0 native plugins for Editor in 0.00 ms.
Invoked RoslynAnalysisRunner static constructor.
RoslynAnalysisRunner will not be running.
RoslynAnalysisRunner has terminated.
Mono: successfully reloaded assembly
- Completed reload, in  9.566 seconds
Platform modules already initialized, skipping
Registering precompiled user dll's ...
Registered in 0.006153 seconds.
Begin MonoManager ReloadAssembly
Native extension for WindowsStandalone target not found
Refreshing native plugins compatible for Editor in 160.56 ms, found 0 plugins.
Preloading 0 native plugins for Editor in 0.00 ms.
Invoked RoslynAnalysisRunner static constructor.
RoslynAnalysisRunner will not be running.
RoslynAnalysisRunner has terminated.
Mono: successfully reloaded assembly
- Completed reload, in  2.887 seconds
Platform modules already initialized, skipping
========================================================================
Worker process is ready to serve import requests
Shader 'Universal Render Pipeline/Particles/Lit': fallback shader 'Universal Render Pipeline/Particles/SimpleLit' not found
Shader 'Universal Render Pipeline/Particles/Lit': fallback shader 'Universal Render Pipeline/Particles/SimpleLit' not found
Launched and connected shader compiler UnityShaderCompiler.exe after 0.17 seconds
Refreshing native plugins compatible for Editor in 1.78 ms, found 0 plugins.
Preloading 0 native plugins for Editor in 0.00 ms.
Unloading 2433 Unused Serialized files (Serialized files now loaded: 0)
System memory in use before: 113.9 MB.
System memory in use after: 111.7 MB.

Unloading 45 unused Assets to reduce memory usage. Loaded Objects now: 2839.
Total: 16.881100 ms (FindLiveObjects: 4.228900 ms CreateObjectMapping: 0.600200 ms MarkObjects: 6.325300 ms  DeleteObjects: 5.056300 ms)

========================================================================
Received Import Request.
  path: Assets/Scripts/CamMover.cs
  artifactKey: Guid(eca24cab22dc06f4db18536600cf829b) Importer(815301076,1909f56bfc062723c751e8b465ee728b)
Start importing Assets/Scripts/CamMover.cs using Guid(eca24cab22dc06f4db18536600cf829b) Importer(815301076,1909f56bfc062723c751e8b465ee728b)  -> (artifact id: '2fa9a6fef81c5a0ec0dab1a262ea4537') in 0.164389 seconds
  Import took 0.180810 seconds .

========================================================================
Received Prepare
Registering precompiled user dll's ...
Registered in 0.009061 seconds.
Begin MonoManager ReloadAssembly
Native extension for WindowsStandalone target not found
Refreshing native plugins compatible for Editor in 1.68 ms, found 0 plugins.
Preloading 0 native plugins for Editor in 0.00 ms.
Invoked RoslynAnalysisRunner static constructor.
RoslynAnalysisRunner will not be running.
RoslynAnalysisRunner has terminated.
Mono: successfully reloaded assembly
- Completed reload, in  4.184 seconds
Platform modules already initialized, skipping
Shader 'Universal Render Pipeline/Particles/Lit': fallback shader 'Universal Render Pipeline/Particles/SimpleLit' not found
Shader 'Universal Render Pipeline/Particles/Lit': fallback shader 'Universal Render Pipeline/Particles/SimpleLit' not found
Refreshing native plugins compatible for Editor in 2.09 ms, found 0 plugins.
Preloading 0 native plugins for Editor in 0.00 ms.
Unloading 2345 Unused Serialized files (Serialized files now loaded: 0)
System memory in use before: 109.8 MB.
System memory in use after: 107.6 MB.

Unloading 40 unused Assets to reduce memory usage. Loaded Objects now: 2842.
Total: 24.842400 ms (FindLiveObjects: 1.357600 ms CreateObjectMapping: 0.752000 ms MarkObjects: 17.212500 ms  DeleteObjects: 5.514700 ms)

========================================================================
Received Prepare
Registering precompiled user dll's ...
Registered in 0.006548 seconds.
Begin MonoManager ReloadAssembly
Native extension for WindowsStandalone target not found
Refreshing native plugins compatible for Editor in 1.49 ms, found 0 plugins.
Preloading 0 native plugins for Editor in 0.00 ms.
Invoked RoslynAnalysisRunner static constructor.
RoslynAnalysisRunner will not be running.
RoslynAnalysisRunner has terminated.
Mono: successfully reloaded assembly
- Completed reload, in  4.082 seconds
Platform modules already initialized, skipping
Shader 'Universal Render Pipeline/Particles/Lit': fallback shader 'Universal Render Pipeline/Particles/SimpleLit' not found
Shader 'Universal Render Pipeline/Particles/Lit': fallback shader 'Universal Render Pipeline/Particles/SimpleLit' not found
Refreshing native plugins compatible for Editor in 2.23 ms, found 0 plugins.
Preloading 0 native plugins for Editor in 0.00 ms.
Unloading 2345 Unused Serialized files (Serialized files now loaded: 0)
System memory in use before: 109.8 MB.
System memory in use after: 107.6 MB.

Unloading 40 unused Assets to reduce memory usage. Loaded Objects now: 2845.
Total: 15.666600 ms (FindLiveObjects: 1.634200 ms CreateObjectMapping: 0.565600 ms MarkObjects: 7.749200 ms  DeleteObjects: 5.713000 ms)

AssetImportWorkerClient::OnTransportError - code=2 error=End of file
